<?xml version="1.0" encoding="UTF-8"?>
<testng-results skipped="0" failed="0" total="1" passed="1">
  <reporter-output>
  </reporter-output>
  <suite name="Default suite" duration-ms="7846" started-at="2019-01-03T02:13:16Z" finished-at="2019-01-03T02:13:24Z">
    <groups>
    </groups>
    <test name="Default test" duration-ms="7846" started-at="2019-01-03T02:13:16Z" finished-at="2019-01-03T02:13:24Z">
      <class name="test.AddContactTest">
        <test-method status="PASS" signature="AddContact()[pri:0, instance:test.AddContactTest@4116aac9]" name="AddContact" duration-ms="7828" started-at="2019-01-02T21:13:16Z" finished-at="2019-01-02T21:13:24Z">
          <reporter-output>
          </reporter-output>
        </test-method> <!-- AddContact -->
      </class> <!-- test.AddContactTest -->
    </test> <!-- Default test -->
  </suite> <!-- Default suite -->
</testng-results>
